<?xml version="1.0" encoding="UTF-8"?>
<testsuite xmlns:xsi="http://www.w3.org/2001/XMLSchema-instance" xsi:noNamespaceSchemaLocation="https://maven.apache.org/surefire/maven-surefire-plugin/xsd/surefire-test-report.xsd" version="3.0" name="uni.sw.unit.testing.UserTest" time="2.642" tests="9" errors="0" skipped="0" failures="0">
  <properties>
[...]
</properties>
  <testcase name="loginTest" classname="uni.sw.unit.testing.UserTest" time="0.274">
    <system-err><![CDATA[Mockito is currently self-attaching to enable the inline-mock-maker. This will no longer work in future releases of the JDK. Please add Mockito as an agent to your build what is described in Mockito's documentation: https://javadoc.io/doc/org.mockito/mockito-core/latest/org/mockito/Mockito.html#0.3
WARNING: A Java agent has been loaded dynamically (C:\Users\bertok1\.m2\repository\net\bytebuddy\byte-buddy-agent\1.15.4\byte-buddy-agent-1.15.4.jar)
WARNING: If a serviceability tool is in use, please run with -XX:+EnableDynamicAgentLoading to hide this warning
WARNING: If a serviceability tool is not in use, please run with -Djdk.instrument.traceUsage for more information
WARNING: Dynamic loading of agents will be disallowed by default in a future release
]]></system-err>
  </testcase>
  <testcase name="throwTest" classname="uni.sw.unit.testing.UserTest" time="0.018"/>
  <testcase name="idTest" classname="uni.sw.unit.testing.UserTest" time="0.007"/>
  <testcase name="anyTest" classname="uni.sw.unit.testing.UserTest" time="0.018"/>
  <testcase name="updateTest" classname="uni.sw.unit.testing.UserTest" time="0.008"/>
  <testcase name="timesTest" classname="uni.sw.unit.testing.UserTest" time="0.006"/>
  <testcase name="passwordTest" classname="uni.sw.unit.testing.UserTest" time="0.004"/>
  <testcase name="userNameTest" classname="uni.sw.unit.testing.UserTest" time="0.004"/>
  <testcase name="defaultConstTest" classname="uni.sw.unit.testing.UserTest" time="0.006"/>
</testsuite>